<?xml version="1.0" encoding="UTF-8"?>
<!-- Generated by org.testng.reporters.JUnitXMLReporter -->
<testsuite ignored="6" hostname="DESKTOP-NE3L490" failures="0" tests="2" name="Test" time="22.511" errors="0" timestamp="2024-07-28T19:45:58 IST">
  <testcase classname="MainProjectTestScript.DemoLogin" name="login" time="14.305"/>
  <testcase classname="MainProjectTestScript.DemoLogin" name="Addcartt" time="8.077"/>
  <testcase classname="MainProjectTestScript.DemoLogin" name="upcart" time="0.0">
    <ignored/>
  </testcase> <!-- upcart -->
  <testcase classname="MainProjectTestScript.DemoLogin" name="search" time="0.0">
    <ignored/>
  </testcase> <!-- search -->
  <testcase classname="MainProjectTestScript.DemoLogin" name="comp" time="0.0">
    <ignored/>
  </testcase> <!-- comp -->
  <testcase classname="MainProjectTestScript.DemoLogin" name="Gear" time="0.0">
    <ignored/>
  </testcase> <!-- Gear -->
  <testcase classname="MainProjectTestScript.DemoLogin" name="ordered" time="0.0">
    <ignored/>
  </testcase> <!-- ordered -->
  <testcase classname="MainProjectTestScript.DemoLogin" name="Edit" time="0.0">
    <ignored/>
  </testcase> <!-- Edit -->
</testsuite> <!-- Test -->
