<?xml version="1.0" encoding="UTF-8"?>
<testng-results ignored="6" total="8" passed="2" failed="0" skipped="0">
  <reporter-output>
  </reporter-output>
  <suite started-at="2024-07-28T19:45:36 IST" name="Suite" finished-at="2024-07-28T19:45:58 IST" duration-ms="22511">
    <groups>
    </groups>
    <test started-at="2024-07-28T19:45:36 IST" name="Test" finished-at="2024-07-28T19:45:58 IST" duration-ms="22511">
      <class name="MainProjectTestScript.DemoLogin">
        <test-method is-config="true" signature="launchBrowser()[pri:0, instance:MainProjectTestScript.DemoLogin@54a7079e]" started-at="2024-07-28T19:45:19 IST" name="launchBrowser" finished-at="2024-07-28T19:45:36 IST" duration-ms="16614" status="PASS">
          <reporter-output>
          </reporter-output>
        </test-method> <!-- launchBrowser -->
        <test-method signature="login()[pri:1, instance:MainProjectTestScript.DemoLogin@54a7079e]" started-at="2024-07-28T19:45:36 IST" name="login" finished-at="2024-07-28T19:45:50 IST" duration-ms="14305" status="PASS">
          <reporter-output>
          </reporter-output>
        </test-method> <!-- login -->
        <test-method signature="Addcartt()[pri:2, instance:MainProjectTestScript.DemoLogin@54a7079e]" started-at="2024-07-28T19:45:50 IST" name="Addcartt" finished-at="2024-07-28T19:45:58 IST" duration-ms="8077" status="PASS">
          <reporter-output>
          </reporter-output>
        </test-method> <!-- Addcartt -->
        <test-method is-config="true" signature="closebrowser()[pri:0, instance:MainProjectTestScript.DemoLogin@54a7079e]" started-at="2024-07-28T19:45:59 IST" name="closebrowser" finished-at="2024-07-28T19:46:02 IST" duration-ms="3210" status="PASS">
          <reporter-output>
          </reporter-output>
        </test-method> <!-- closebrowser -->
      </class> <!-- MainProjectTestScript.DemoLogin -->
    </test> <!-- Test -->
  </suite> <!-- Suite -->
</testng-results>
