<?xml version="1.0" encoding="UTF-8"?>
<testng-results ignored="6" total="8" passed="2" failed="0" skipped="0">
  <reporter-output>
  </reporter-output>
  <suite started-at="2024-07-27T19:36:33 IST" name="Suite" finished-at="2024-07-27T19:36:51 IST" duration-ms="17288">
    <groups>
    </groups>
    <test started-at="2024-07-27T19:36:33 IST" name="Test" finished-at="2024-07-27T19:36:51 IST" duration-ms="17288">
      <class name="MainProjectTestScript.DemoLogin">
        <test-method is-config="true" signature="launchBrowser()[pri:0, instance:MainProjectTestScript.DemoLogin@61001b64]" started-at="2024-07-27T19:36:17 IST" name="launchBrowser" finished-at="2024-07-27T19:36:33 IST" duration-ms="16623" status="PASS">
          <reporter-output>
          </reporter-output>
        </test-method> <!-- launchBrowser -->
        <test-method signature="login()[pri:0, instance:MainProjectTestScript.DemoLogin@61001b64]" started-at="2024-07-27T19:36:33 IST" name="login" finished-at="2024-07-27T19:36:44 IST" duration-ms="10674" status="PASS">
          <reporter-output>
          </reporter-output>
        </test-method> <!-- login -->
        <test-method signature="Addcartt()[pri:0, instance:MainProjectTestScript.DemoLogin@61001b64]" started-at="2024-07-27T19:36:44 IST" name="Addcartt" finished-at="2024-07-27T19:36:51 IST" duration-ms="6497" status="PASS">
          <reporter-output>
          </reporter-output>
        </test-method> <!-- Addcartt -->
        <test-method is-config="true" signature="closebrowser()[pri:0, instance:MainProjectTestScript.DemoLogin@61001b64]" started-at="2024-07-27T19:36:51 IST" name="closebrowser" finished-at="2024-07-27T19:36:54 IST" duration-ms="2876" status="PASS">
          <reporter-output>
          </reporter-output>
        </test-method> <!-- closebrowser -->
      </class> <!-- MainProjectTestScript.DemoLogin -->
    </test> <!-- Test -->
  </suite> <!-- Suite -->
</testng-results>
